* Host localhost:8000 was resolved.
* IPv6: ::1
* IPv4: 127.0.0.1
  % Total    % Received % Xferd  Average Speed   Time    Time     Time  Current
                                 Dload  Upload   Total   Spent    Left  Speed
  0     0    0     0    0     0      0      0 --:--:-- --:--:-- --:--:--     0*   Trying [::1]:8000...
* connect to ::1 port 8000 from ::1 port 53537 failed: Connection refused
*   Trying 127.0.0.1:8000...
* Connected to localhost (127.0.0.1) port 8000
> GET /api/data HTTP/1.1
> Host: localhost:8000
> User-Agent: curl/8.7.1
> Accept: */*
> 
* Request completely sent off
< HTTP/1.1 200 OK
< date: Tue, 23 Dec 2025 20:57:24 GMT
< server: uvicorn
< content-length: 130470
< content-type: application/json
< 
{ [102271 bytes data]
100  127k  100  127k    0     0  10.9M      0 --:--:-- --:--:-- --:--:-- 11.3M
* Connection #0 to host localhost left intact
